TN:
SF:src\max-consecutive-ones.js
FN:1,findMaxConsecutiveOnes
FNF:1
FNH:1
FNDA:4,findMaxConsecutiveOnes
DA:1,1
DA:2,4
DA:3,1
DA:4,1
DA:5,3
DA:6,3
DA:7,3
DA:8,3
DA:9,3
DA:10,3
DA:11,3
DA:12,3
DA:13,3
DA:14,3
DA:15,3
DA:16,4
DA:17,44
DA:18,44
DA:19,44
DA:20,44
DA:21,44
DA:22,44
DA:23,14
DA:24,6
DA:25,6
DA:26,14
DA:27,14
DA:28,14
DA:29,44
DA:30,30
DA:31,12
DA:32,12
DA:33,30
DA:34,30
DA:35,16
DA:36,16
DA:37,30
DA:38,30
DA:39,30
DA:40,30
DA:41,44
DA:42,3
DA:43,3
DA:44,3
DA:45,3
DA:46,3
DA:47,1
DA:48,1
LF:48
LH:48
BRDA:1,0,0,4
BRDA:2,1,0,1
BRDA:4,2,0,3
BRDA:16,3,0,44
BRDA:22,4,0,14
BRDA:23,5,0,6
BRDA:29,6,0,30
BRDA:30,7,0,12
BRDA:34,8,0,16
BRDA:41,9,0,3
BRF:10
BRH:10
end_of_record
TN:
SF:src\helpers\helpers.js
FN:1,stringToArrayOfNumbers
FN:12,toNumber
FNF:2
FNH:2
FNDA:3,stringToArrayOfNumbers
FNDA:2,toNumber
DA:1,1
DA:2,3
DA:3,1
DA:4,1
DA:5,2
DA:6,2
DA:7,2
DA:8,2
DA:9,2
DA:10,2
DA:11,1
DA:12,1
DA:13,2
DA:14,1
DA:15,1
DA:16,1
DA:17,1
DA:18,1
DA:19,1
DA:20,1
DA:21,1
DA:22,1
LF:22
LH:22
BRDA:1,0,0,3
BRDA:2,1,0,1
BRDA:4,2,0,2
BRDA:12,3,0,2
BRDA:13,4,0,1
BRF:5
BRH:5
end_of_record
